0 info it worked if it ends with ok
1 verbose cli [ '/usr/bin/node', '/usr/bin/npm', 'adduser' ]
2 info using npm@1.4.28
3 info using node@v0.10.38
4 verbose node symlink /usr/bin/node
5 warn invalid config init.author.url="www.pixelcriativo.com"
6 warn invalid config Must be a full url with 'http://'
7 error Error: canceled
7 error     at Interface.<anonymous> (/usr/lib/node_modules/npm/node_modules/read/lib/read.js:66:13)
7 error     at Interface.emit (events.js:92:17)
7 error     at Interface._ttyWrite (readline.js:621:16)
7 error     at ReadStream.onkeypress (readline.js:100:10)
7 error     at ReadStream.emit (events.js:98:17)
7 error     at emitKey (readline.js:1096:12)
7 error     at ReadStream.onData (readline.js:841:14)
7 error     at ReadStream.emit (events.js:95:17)
7 error     at ReadStream.<anonymous> (_stream_readable.js:765:14)
7 error     at ReadStream.emit (events.js:92:17)
8 error If you need help, you may report this *entire* log,
8 error including the npm and node versions, at:
8 error     <http://github.com/npm/npm/issues>
9 error System Linux 3.16.0-34-generic
10 error command "/usr/bin/node" "/usr/bin/npm" "adduser"
11 error cwd /home/mauricio/workspace/grunt-warn-logging
12 error node -v v0.10.38
13 error npm -v 1.4.28
14 verbose exit [ 1, true ]
